RUN	computerdatabase.BasicSimulation	basicsimulation	1606339835047	 	3.4.2
ERROR	request_1: Failed to build request: url "https://www.centenariofm.com.br""/" can't be parsed into an Uri: j.l.IllegalArgumentException: "https://www.centenariofm.com.br""/" could not be parsed into a proper Uri, missing scheme 	1606339841627
ERROR	request_1: Failed to build request: url "https://www.centenariofm.com.br""/" can't be parsed into an Uri: j.l.IllegalArgumentException: "https://www.centenariofm.com.br""/" could not be parsed into a proper Uri, missing scheme 	1606339841634
USER	Scenario Name	START	1606339841622
USER	Scenario Name	START	1606339841634
ERROR	request_1: Failed to build request: url "https://www.centenariofm.com.br""/" can't be parsed into an Uri: j.l.IllegalArgumentException: "https://www.centenariofm.com.br""/" could not be parsed into a proper Uri, missing scheme 	1606339846628
USER	Scenario Name	START	1606339846628
ERROR	request_1: Failed to build request: url "https://www.centenariofm.com.br""/" can't be parsed into an Uri: j.l.IllegalArgumentException: "https://www.centenariofm.com.br""/" could not be parsed into a proper Uri, missing scheme 	1606339847629
USER	Scenario Name	START	1606339847628
ERROR	request_1: Failed to build request: url "https://www.centenariofm.com.br""/" can't be parsed into an Uri: j.l.IllegalArgumentException: "https://www.centenariofm.com.br""/" could not be parsed into a proper Uri, missing scheme 	1606339848628
USER	Scenario Name	START	1606339848628
ERROR	request_2: Failed to build request: url "https://www.centenariofm.com.br""/""noticias/" can't be parsed into an Uri: j.l.IllegalArgumentException: "https://www.centenariofm.com.br""/""noticias/" could not be parsed into a proper Uri, missing scheme 	1606339848648
ERROR	request_2: Failed to build request: url "https://www.centenariofm.com.br""/""noticias/" can't be parsed into an Uri: j.l.IllegalArgumentException: "https://www.centenariofm.com.br""/""noticias/" could not be parsed into a proper Uri, missing scheme 	1606339848648
ERROR	request_1: Failed to build request: url "https://www.centenariofm.com.br""/" can't be parsed into an Uri: j.l.IllegalArgumentException: "https://www.centenariofm.com.br""/" could not be parsed into a proper Uri, missing scheme 	1606339849628
USER	Scenario Name	START	1606339849628
ERROR	request_1: Failed to build request: url "https://www.centenariofm.com.br""/" can't be parsed into an Uri: j.l.IllegalArgumentException: "https://www.centenariofm.com.br""/" could not be parsed into a proper Uri, missing scheme 	1606339850628
USER	Scenario Name	START	1606339850628
ERROR	request_1: Failed to build request: url "https://www.centenariofm.com.br""/" can't be parsed into an Uri: j.l.IllegalArgumentException: "https://www.centenariofm.com.br""/" could not be parsed into a proper Uri, missing scheme 	1606339853298
USER	Scenario Name	START	1606339853298
ERROR	request_2: Failed to build request: url "https://www.centenariofm.com.br""/""noticias/" can't be parsed into an Uri: j.l.IllegalArgumentException: "https://www.centenariofm.com.br""/""noticias/" could not be parsed into a proper Uri, missing scheme 	1606339853638
ERROR	request_2: Failed to build request: url "https://www.centenariofm.com.br""/""noticias/" can't be parsed into an Uri: j.l.IllegalArgumentException: "https://www.centenariofm.com.br""/""noticias/" could not be parsed into a proper Uri, missing scheme 	1606339854638
ERROR	request_1: Failed to build request: url "https://www.centenariofm.com.br""/" can't be parsed into an Uri: j.l.IllegalArgumentException: "https://www.centenariofm.com.br""/" could not be parsed into a proper Uri, missing scheme 	1606339854758
USER	Scenario Name	START	1606339854758
ERROR	request_1: Failed to build request: url "https://www.centenariofm.com.br""/" can't be parsed into an Uri: j.l.IllegalArgumentException: "https://www.centenariofm.com.br""/" could not be parsed into a proper Uri, missing scheme 	1606339855118
USER	Scenario Name	START	1606339855118
ERROR	request_2: Failed to build request: url "https://www.centenariofm.com.br""/""noticias/" can't be parsed into an Uri: j.l.IllegalArgumentException: "https://www.centenariofm.com.br""/""noticias/" could not be parsed into a proper Uri, missing scheme 	1606339855638
ERROR	request_3: Failed to build request: url "https://www.centenariofm.com.br""/""noticias/""morre-francisco-camargo-pai-dos-sertanejos-zeze-e-luciano" can't be parsed into an Uri: j.l.IllegalArgumentException: "https://www.centenariofm.com.br""/""noticias/""morre-francisco-camargo-pai-dos-sertanejos-zeze-e-luciano" could not be parsed into a proper Uri, missing scheme 	1606339855658
ERROR	request_3: Failed to build request: url "https://www.centenariofm.com.br""/""noticias/""morre-francisco-camargo-pai-dos-sertanejos-zeze-e-luciano" can't be parsed into an Uri: j.l.IllegalArgumentException: "https://www.centenariofm.com.br""/""noticias/""morre-francisco-camargo-pai-dos-sertanejos-zeze-e-luciano" could not be parsed into a proper Uri, missing scheme 	1606339855658
ERROR	request_1: Failed to build request: url "https://www.centenariofm.com.br""/" can't be parsed into an Uri: j.l.IllegalArgumentException: "https://www.centenariofm.com.br""/" could not be parsed into a proper Uri, missing scheme 	1606339856619
USER	Scenario Name	START	1606339856619
ERROR	request_2: Failed to build request: url "https://www.centenariofm.com.br""/""noticias/" can't be parsed into an Uri: j.l.IllegalArgumentException: "https://www.centenariofm.com.br""/""noticias/" could not be parsed into a proper Uri, missing scheme 	1606339856638
ERROR	request_1: Failed to build request: url "https://www.centenariofm.com.br""/" can't be parsed into an Uri: j.l.IllegalArgumentException: "https://www.centenariofm.com.br""/" could not be parsed into a proper Uri, missing scheme 	1606339857618
USER	Scenario Name	START	1606339857618
ERROR	request_2: Failed to build request: url "https://www.centenariofm.com.br""/""noticias/" can't be parsed into an Uri: j.l.IllegalArgumentException: "https://www.centenariofm.com.br""/""noticias/" could not be parsed into a proper Uri, missing scheme 	1606339857638
ERROR	request_1: Failed to build request: url "https://www.centenariofm.com.br""/" can't be parsed into an Uri: j.l.IllegalArgumentException: "https://www.centenariofm.com.br""/" could not be parsed into a proper Uri, missing scheme 	1606339858618
USER	Scenario Name	START	1606339858618
ERROR	request_1: Failed to build request: url "https://www.centenariofm.com.br""/" can't be parsed into an Uri: j.l.IllegalArgumentException: "https://www.centenariofm.com.br""/" could not be parsed into a proper Uri, missing scheme 	1606339859619
USER	Scenario Name	START	1606339859619
ERROR	request_2: Failed to build request: url "https://www.centenariofm.com.br""/""noticias/" can't be parsed into an Uri: j.l.IllegalArgumentException: "https://www.centenariofm.com.br""/""noticias/" could not be parsed into a proper Uri, missing scheme 	1606339860318
ERROR	request_1: Failed to build request: url "https://www.centenariofm.com.br""/" can't be parsed into an Uri: j.l.IllegalArgumentException: "https://www.centenariofm.com.br""/" could not be parsed into a proper Uri, missing scheme 	1606339860618
USER	Scenario Name	START	1606339860618
ERROR	request_3: Failed to build request: url "https://www.centenariofm.com.br""/""noticias/""morre-francisco-camargo-pai-dos-sertanejos-zeze-e-luciano" can't be parsed into an Uri: j.l.IllegalArgumentException: "https://www.centenariofm.com.br""/""noticias/""morre-francisco-camargo-pai-dos-sertanejos-zeze-e-luciano" could not be parsed into a proper Uri, missing scheme 	1606339860658
ERROR	request_1: Failed to build request: url "https://www.centenariofm.com.br""/" can't be parsed into an Uri: j.l.IllegalArgumentException: "https://www.centenariofm.com.br""/" could not be parsed into a proper Uri, missing scheme 	1606339861618
USER	Scenario Name	START	1606339861618
ERROR	request_3: Failed to build request: url "https://www.centenariofm.com.br""/""noticias/""morre-francisco-camargo-pai-dos-sertanejos-zeze-e-luciano" can't be parsed into an Uri: j.l.IllegalArgumentException: "https://www.centenariofm.com.br""/""noticias/""morre-francisco-camargo-pai-dos-sertanejos-zeze-e-luciano" could not be parsed into a proper Uri, missing scheme 	1606339861658
ERROR	request_2: Failed to build request: url "https://www.centenariofm.com.br""/""noticias/" can't be parsed into an Uri: j.l.IllegalArgumentException: "https://www.centenariofm.com.br""/""noticias/" could not be parsed into a proper Uri, missing scheme 	1606339861778
ERROR	request_2: Failed to build request: url "https://www.centenariofm.com.br""/""noticias/" can't be parsed into an Uri: j.l.IllegalArgumentException: "https://www.centenariofm.com.br""/""noticias/" could not be parsed into a proper Uri, missing scheme 	1606339862138
ERROR	request_1: Failed to build request: url "https://www.centenariofm.com.br""/" can't be parsed into an Uri: j.l.IllegalArgumentException: "https://www.centenariofm.com.br""/" could not be parsed into a proper Uri, missing scheme 	1606339862618
USER	Scenario Name	START	1606339862618
ERROR	request_3: Failed to build request: url "https://www.centenariofm.com.br""/""noticias/""morre-francisco-camargo-pai-dos-sertanejos-zeze-e-luciano" can't be parsed into an Uri: j.l.IllegalArgumentException: "https://www.centenariofm.com.br""/""noticias/""morre-francisco-camargo-pai-dos-sertanejos-zeze-e-luciano" could not be parsed into a proper Uri, missing scheme 	1606339862658
ERROR	request_4: Failed to build request: url "https://www.centenariofm.com.br""/""noticias/" can't be parsed into an Uri: j.l.IllegalArgumentException: "https://www.centenariofm.com.br""/""noticias/" could not be parsed into a proper Uri, missing scheme 	1606339862678
ERROR	request_4: Failed to build request: url "https://www.centenariofm.com.br""/""noticias/" can't be parsed into an Uri: j.l.IllegalArgumentException: "https://www.centenariofm.com.br""/""noticias/" could not be parsed into a proper Uri, missing scheme 	1606339862678
ERROR	request_1: Failed to build request: url "https://www.centenariofm.com.br""/" can't be parsed into an Uri: j.l.IllegalArgumentException: "https://www.centenariofm.com.br""/" could not be parsed into a proper Uri, missing scheme 	1606339863619
USER	Scenario Name	START	1606339863619
ERROR	request_2: Failed to build request: url "https://www.centenariofm.com.br""/""noticias/" can't be parsed into an Uri: j.l.IllegalArgumentException: "https://www.centenariofm.com.br""/""noticias/" could not be parsed into a proper Uri, missing scheme 	1606339863638
ERROR	request_3: Failed to build request: url "https://www.centenariofm.com.br""/""noticias/""morre-francisco-camargo-pai-dos-sertanejos-zeze-e-luciano" can't be parsed into an Uri: j.l.IllegalArgumentException: "https://www.centenariofm.com.br""/""noticias/""morre-francisco-camargo-pai-dos-sertanejos-zeze-e-luciano" could not be parsed into a proper Uri, missing scheme 	1606339863658
ERROR	request_2: Failed to build request: url "https://www.centenariofm.com.br""/""noticias/" can't be parsed into an Uri: j.l.IllegalArgumentException: "https://www.centenariofm.com.br""/""noticias/" could not be parsed into a proper Uri, missing scheme 	1606339864623
ERROR	request_1: Failed to build request: url "https://www.centenariofm.com.br""/" can't be parsed into an Uri: j.l.IllegalArgumentException: "https://www.centenariofm.com.br""/" could not be parsed into a proper Uri, missing scheme 	1606339864623
USER	Scenario Name	START	1606339864623
ERROR	request_3: Failed to build request: url "https://www.centenariofm.com.br""/""noticias/""morre-francisco-camargo-pai-dos-sertanejos-zeze-e-luciano" can't be parsed into an Uri: j.l.IllegalArgumentException: "https://www.centenariofm.com.br""/""noticias/""morre-francisco-camargo-pai-dos-sertanejos-zeze-e-luciano" could not be parsed into a proper Uri, missing scheme 	1606339864645
ERROR	request_1: Failed to build request: url "https://www.centenariofm.com.br""/" can't be parsed into an Uri: j.l.IllegalArgumentException: "https://www.centenariofm.com.br""/" could not be parsed into a proper Uri, missing scheme 	1606339865620
USER	Scenario Name	START	1606339865620
ERROR	request_2: Failed to build request: url "https://www.centenariofm.com.br""/""noticias/" can't be parsed into an Uri: j.l.IllegalArgumentException: "https://www.centenariofm.com.br""/""noticias/" could not be parsed into a proper Uri, missing scheme 	1606339865633
ERROR	request_1: Failed to build request: url "https://www.centenariofm.com.br""/" can't be parsed into an Uri: j.l.IllegalArgumentException: "https://www.centenariofm.com.br""/" could not be parsed into a proper Uri, missing scheme 	1606339866618
USER	Scenario Name	START	1606339866618
ERROR	request_2: Failed to build request: url "https://www.centenariofm.com.br""/""noticias/" can't be parsed into an Uri: j.l.IllegalArgumentException: "https://www.centenariofm.com.br""/""noticias/" could not be parsed into a proper Uri, missing scheme 	1606339866638
ERROR	request_3: Failed to build request: url "https://www.centenariofm.com.br""/""noticias/""morre-francisco-camargo-pai-dos-sertanejos-zeze-e-luciano" can't be parsed into an Uri: j.l.IllegalArgumentException: "https://www.centenariofm.com.br""/""noticias/""morre-francisco-camargo-pai-dos-sertanejos-zeze-e-luciano" could not be parsed into a proper Uri, missing scheme 	1606339867338
ERROR	request_1: Failed to build request: url "https://www.centenariofm.com.br""/" can't be parsed into an Uri: j.l.IllegalArgumentException: "https://www.centenariofm.com.br""/" could not be parsed into a proper Uri, missing scheme 	1606339867618
USER	Scenario Name	START	1606339867618
ERROR	request_2: Failed to build request: url "https://www.centenariofm.com.br""/""noticias/" can't be parsed into an Uri: j.l.IllegalArgumentException: "https://www.centenariofm.com.br""/""noticias/" could not be parsed into a proper Uri, missing scheme 	1606339867638
ERROR	request_4: Failed to build request: url "https://www.centenariofm.com.br""/""noticias/" can't be parsed into an Uri: j.l.IllegalArgumentException: "https://www.centenariofm.com.br""/""noticias/" could not be parsed into a proper Uri, missing scheme 	1606339867678
ERROR	request_1: Failed to build request: url "https://www.centenariofm.com.br""/" can't be parsed into an Uri: j.l.IllegalArgumentException: "https://www.centenariofm.com.br""/" could not be parsed into a proper Uri, missing scheme 	1606339868618
USER	Scenario Name	START	1606339868618
ERROR	request_2: Failed to build request: url "https://www.centenariofm.com.br""/""noticias/" can't be parsed into an Uri: j.l.IllegalArgumentException: "https://www.centenariofm.com.br""/""noticias/" could not be parsed into a proper Uri, missing scheme 	1606339868638
ERROR	request_4: Failed to build request: url "https://www.centenariofm.com.br""/""noticias/" can't be parsed into an Uri: j.l.IllegalArgumentException: "https://www.centenariofm.com.br""/""noticias/" could not be parsed into a proper Uri, missing scheme 	1606339868678
ERROR	request_3: Failed to build request: url "https://www.centenariofm.com.br""/""noticias/""morre-francisco-camargo-pai-dos-sertanejos-zeze-e-luciano" can't be parsed into an Uri: j.l.IllegalArgumentException: "https://www.centenariofm.com.br""/""noticias/""morre-francisco-camargo-pai-dos-sertanejos-zeze-e-luciano" could not be parsed into a proper Uri, missing scheme 	1606339868798
ERROR	request_3: Failed to build request: url "https://www.centenariofm.com.br""/""noticias/""morre-francisco-camargo-pai-dos-sertanejos-zeze-e-luciano" can't be parsed into an Uri: j.l.IllegalArgumentException: "https://www.centenariofm.com.br""/""noticias/""morre-francisco-camargo-pai-dos-sertanejos-zeze-e-luciano" could not be parsed into a proper Uri, missing scheme 	1606339869158
ERROR	request_1: Failed to build request: url "https://www.centenariofm.com.br""/" can't be parsed into an Uri: j.l.IllegalArgumentException: "https://www.centenariofm.com.br""/" could not be parsed into a proper Uri, missing scheme 	1606339869618
USER	Scenario Name	START	1606339869618
ERROR	request_2: Failed to build request: url "https://www.centenariofm.com.br""/""noticias/" can't be parsed into an Uri: j.l.IllegalArgumentException: "https://www.centenariofm.com.br""/""noticias/" could not be parsed into a proper Uri, missing scheme 	1606339869638
ERROR	request_4: Failed to build request: url "https://www.centenariofm.com.br""/""noticias/" can't be parsed into an Uri: j.l.IllegalArgumentException: "https://www.centenariofm.com.br""/""noticias/" could not be parsed into a proper Uri, missing scheme 	1606339869678
ERROR	request_5: Failed to build request: url "https://www.centenariofm.com.br""/""noticias/""urgente-araraquara-vive-madrugada-de-terror" can't be parsed into an Uri: j.l.IllegalArgumentException: "https://www.centenariofm.com.br""/""noticias/""urgente-araraquara-vive-madrugada-de-terror" could not be parsed into a proper Uri, missing scheme 	1606339869698
ERROR	request_5: Failed to build request: url "https://www.centenariofm.com.br""/""noticias/""urgente-araraquara-vive-madrugada-de-terror" can't be parsed into an Uri: j.l.IllegalArgumentException: "https://www.centenariofm.com.br""/""noticias/""urgente-araraquara-vive-madrugada-de-terror" could not be parsed into a proper Uri, missing scheme 	1606339869698
ERROR	request_1: Failed to build request: url "https://www.centenariofm.com.br""/" can't be parsed into an Uri: j.l.IllegalArgumentException: "https://www.centenariofm.com.br""/" could not be parsed into a proper Uri, missing scheme 	1606339870618
USER	Scenario Name	START	1606339870618
ERROR	request_2: Failed to build request: url "https://www.centenariofm.com.br""/""noticias/" can't be parsed into an Uri: j.l.IllegalArgumentException: "https://www.centenariofm.com.br""/""noticias/" could not be parsed into a proper Uri, missing scheme 	1606339870638
ERROR	request_3: Failed to build request: url "https://www.centenariofm.com.br""/""noticias/""morre-francisco-camargo-pai-dos-sertanejos-zeze-e-luciano" can't be parsed into an Uri: j.l.IllegalArgumentException: "https://www.centenariofm.com.br""/""noticias/""morre-francisco-camargo-pai-dos-sertanejos-zeze-e-luciano" could not be parsed into a proper Uri, missing scheme 	1606339870658
ERROR	request_4: Failed to build request: url "https://www.centenariofm.com.br""/""noticias/" can't be parsed into an Uri: j.l.IllegalArgumentException: "https://www.centenariofm.com.br""/""noticias/" could not be parsed into a proper Uri, missing scheme 	1606339870678
ERROR	request_1: Failed to build request: url "https://www.centenariofm.com.br""/" can't be parsed into an Uri: j.l.IllegalArgumentException: "https://www.centenariofm.com.br""/" could not be parsed into a proper Uri, missing scheme 	1606339871618
USER	Scenario Name	START	1606339871618
ERROR	request_2: Failed to build request: url "https://www.centenariofm.com.br""/""noticias/" can't be parsed into an Uri: j.l.IllegalArgumentException: "https://www.centenariofm.com.br""/""noticias/" could not be parsed into a proper Uri, missing scheme 	1606339871638
ERROR	request_3: Failed to build request: url "https://www.centenariofm.com.br""/""noticias/""morre-francisco-camargo-pai-dos-sertanejos-zeze-e-luciano" can't be parsed into an Uri: j.l.IllegalArgumentException: "https://www.centenariofm.com.br""/""noticias/""morre-francisco-camargo-pai-dos-sertanejos-zeze-e-luciano" could not be parsed into a proper Uri, missing scheme 	1606339871638
ERROR	request_4: Failed to build request: url "https://www.centenariofm.com.br""/""noticias/" can't be parsed into an Uri: j.l.IllegalArgumentException: "https://www.centenariofm.com.br""/""noticias/" could not be parsed into a proper Uri, missing scheme 	1606339871658
ERROR	request_1: Failed to build request: url "https://www.centenariofm.com.br""/" can't be parsed into an Uri: j.l.IllegalArgumentException: "https://www.centenariofm.com.br""/" could not be parsed into a proper Uri, missing scheme 	1606339872618
USER	Scenario Name	START	1606339872618
ERROR	request_3: Failed to build request: url "https://www.centenariofm.com.br""/""noticias/""morre-francisco-camargo-pai-dos-sertanejos-zeze-e-luciano" can't be parsed into an Uri: j.l.IllegalArgumentException: "https://www.centenariofm.com.br""/""noticias/""morre-francisco-camargo-pai-dos-sertanejos-zeze-e-luciano" could not be parsed into a proper Uri, missing scheme 	1606339872638
ERROR	request_2: Failed to build request: url "https://www.centenariofm.com.br""/""noticias/" can't be parsed into an Uri: j.l.IllegalArgumentException: "https://www.centenariofm.com.br""/""noticias/" could not be parsed into a proper Uri, missing scheme 	1606339872638
ERROR	request_1: Failed to build request: url "https://www.centenariofm.com.br""/" can't be parsed into an Uri: j.l.IllegalArgumentException: "https://www.centenariofm.com.br""/" could not be parsed into a proper Uri, missing scheme 	1606339873618
USER	Scenario Name	START	1606339873618
ERROR	request_2: Failed to build request: url "https://www.centenariofm.com.br""/""noticias/" can't be parsed into an Uri: j.l.IllegalArgumentException: "https://www.centenariofm.com.br""/""noticias/" could not be parsed into a proper Uri, missing scheme 	1606339873638
ERROR	